android/app/build/intermediates/manifest_merge_blame_file/debug/processDebugMainManifest/manifest-merger-blame-debug-report.txt
1<?xml version="1.0" encoding="utf-8"?>
2<manifest xmlns:android="http://schemas.android.com/apk/res/android"
3    package="com.ares.grid"
4    android:versionCode="1"
5    android:versionName="1.0" >
6
7    <uses-sdk
8        android:minSdkVersion="26"
9        android:targetSdkVersion="34" />
10
11    <!-- Only used for the Google-Fonts stylesheet; the game itself is bundled. -->
12    <uses-permission android:name="android.permission.INTERNET" />
12-->src\main\AndroidManifest.xml:5:5-67
12-->src\main\AndroidManifest.xml:5:22-64
13
14    <permission
14-->[androidx.core:core:1.13.1] AndroidManifest.xml:22:5-24:47
15        android:name="com.ares.grid.DYNAMIC_RECEIVER_NOT_EXPORTED_PERMISSION"
15-->[androidx.core:core:1.13.1] AndroidManifest.xml:23:9-81
16        android:protectionLevel="signature" />
16-->[androidx.core:core:1.13.1] AndroidManifest.xml:24:9-44
17
18    <uses-permission android:name="com.ares.grid.DYNAMIC_RECEIVER_NOT_EXPORTED_PERMISSION" />
18-->[androidx.core:core:1.13.1] AndroidManifest.xml:26:5-97
18-->[androidx.core:core:1.13.1] AndroidManifest.xml:26:22-94
19
20    <application
20-->src\main\AndroidManifest.xml:7:5-26:19
21        android:allowBackup="true"
21-->src\main\AndroidManifest.xml:8:9-35
22        android:appComponentFactory="androidx.core.app.CoreComponentFactory"
22-->[androidx.core:core:1.13.1] AndroidManifest.xml:28:18-86
23        android:debuggable="true"
24        android:extractNativeLibs="false"
25        android:hardwareAccelerated="true"
25-->src\main\AndroidManifest.xml:9:9-43
26        android:icon="@mipmap/ic_launcher"
26-->src\main\AndroidManifest.xml:10:9-43
27        android:label="@string/app_name"
27-->src\main\AndroidManifest.xml:11:9-41
28        android:supportsRtl="false"
28-->src\main\AndroidManifest.xml:12:9-36
29        android:theme="@style/Theme.TronAres" >
29-->src\main\AndroidManifest.xml:13:9-46
30        <activity
30-->src\main\AndroidManifest.xml:15:9-25:20
31            android:name="com.ares.grid.MainActivity"
31-->src\main\AndroidManifest.xml:16:13-41
32            android:configChanges="orientation|screenSize|screenLayout|smallestScreenSize|keyboardHidden|uiMode|density"
32-->src\main\AndroidManifest.xml:17:13-121
33            android:exported="true"
33-->src\main\AndroidManifest.xml:18:13-36
34            android:launchMode="singleTask"
34-->src\main\AndroidManifest.xml:19:13-44
35            android:screenOrientation="sensorLandscape" >
35-->src\main\AndroidManifest.xml:20:13-56
36            <intent-filter>
36-->src\main\AndroidManifest.xml:21:13-24:29
37                <action android:name="android.intent.action.MAIN" />
37-->src\main\AndroidManifest.xml:22:17-69
37-->src\main\AndroidManifest.xml:22:25-66
38
39                <category android:name="android.intent.category.LAUNCHER" />
39-->src\main\AndroidManifest.xml:23:17-77
39-->src\main\AndroidManifest.xml:23:27-74
40            </intent-filter>
41        </activity>
42
43        <provider
43-->[androidx.profileinstaller:profileinstaller:1.3.0] AndroidManifest.xml:24:9-32:20
44            android:name="androidx.startup.InitializationProvider"
44-->[androidx.profileinstaller:profileinstaller:1.3.0] AndroidManifest.xml:25:13-67
45            android:authorities="com.ares.grid.androidx-startup"
45-->[androidx.profileinstaller:profileinstaller:1.3.0] AndroidManifest.xml:26:13-68
46            android:exported="false" >
46-->[androidx.profileinstaller:profileinstaller:1.3.0] AndroidManifest.xml:27:13-37
47            <meta-data
47-->[androidx.profileinstaller:profileinstaller:1.3.0] AndroidManifest.xml:29:13-31:52
48                android:name="androidx.profileinstaller.ProfileInstallerInitializer"
48-->[androidx.profileinstaller:profileinstaller:1.3.0] AndroidManifest.xml:30:17-85
49                android:value="androidx.startup" />
49-->[androidx.profileinstaller:profileinstaller:1.3.0] AndroidManifest.xml:31:17-49
50        </provider>
51
52        <receiver
52-->[androidx.profileinstaller:profileinstaller:1.3.0] AndroidManifest.xml:34:9-52:20
53            android:name="androidx.profileinstaller.ProfileInstallReceiver"
53-->[androidx.profileinstaller:profileinstaller:1.3.0] AndroidManifest.xml:35:13-76
54            android:directBootAware="false"
54-->[androidx.profileinstaller:profileinstaller:1.3.0] AndroidManifest.xml:36:13-44
55            android:enabled="true"
55-->[androidx.profileinstaller:profileinstaller:1.3.0] AndroidManifest.xml:37:13-35
56            android:exported="true"
56-->[androidx.profileinstaller:profileinstaller:1.3.0] AndroidManifest.xml:38:13-36
57            android:permission="android.permission.DUMP" >
57-->[androidx.profileinstaller:profileinstaller:1.3.0] AndroidManifest.xml:39:13-57
58            <intent-filter>
58-->[androidx.profileinstaller:profileinstaller:1.3.0] AndroidManifest.xml:40:13-42:29
59                <action android:name="androidx.profileinstaller.action.INSTALL_PROFILE" />
59-->[androidx.profileinstaller:profileinstaller:1.3.0] AndroidManifest.xml:41:17-91
59-->[androidx.profileinstaller:profileinstaller:1.3.0] AndroidManifest.xml:41:25-88
60            </intent-filter>
61            <intent-filter>
61-->[androidx.profileinstaller:profileinstaller:1.3.0] AndroidManifest.xml:43:13-45:29
62                <action android:name="androidx.profileinstaller.action.SKIP_FILE" />
62-->[androidx.profileinstaller:profileinstaller:1.3.0] AndroidManifest.xml:44:17-85
62-->[androidx.profileinstaller:profileinstaller:1.3.0] AndroidManifest.xml:44:25-82
63            </intent-filter>
64            <intent-filter>
64-->[androidx.profileinstaller:profileinstaller:1.3.0] AndroidManifest.xml:46:13-48:29
65                <action android:name="androidx.profileinstaller.action.SAVE_PROFILE" />
65-->[androidx.profileinstaller:profileinstaller:1.3.0] AndroidManifest.xml:47:17-88
65-->[androidx.profileinstaller:profileinstaller:1.3.0] AndroidManifest.xml:47:25-85
66            </intent-filter>
67            <intent-filter>
67-->[androidx.profileinstaller:profileinstaller:1.3.0] AndroidManifest.xml:49:13-51:29
68                <action android:name="androidx.profileinstaller.action.BENCHMARK_OPERATION" />
68-->[androidx.profileinstaller:profileinstaller:1.3.0] AndroidManifest.xml:50:17-95
68-->[androidx.profileinstaller:profileinstaller:1.3.0] AndroidManifest.xml:50:25-92
69            </intent-filter>
70        </receiver>
71    </application>
72
73</manifest>